# JRE version: OpenJDK Runtime Environment Temurin-21.0.10+7 (21.0.10+7) (build 21.0.10+7-LTS)
# Java VM: OpenJDK 64-Bit Server VM Temurin-21.0.10+7 (21.0.10+7-LTS, mixed mode, sharing, tiered, compressed oops, compressed class ptrs, parallel gc, windows-amd64)
GC Precious Log:
 CardTable entry size: 512
 CPUs: 4 total, 4 available
 Memory: 3818M
 Large Page Support: Disabled
 NUMA Support: Disabled
 Compressed Oops: Enabled (32-bit)
 Alignments: Space 512K, Generation 512K, Heap 2M
 Heap Min Capacity: 100M
 Heap Initial Capacity: 100M
 Heap Max Capacity: 2G
 Pre-touch: Disabled
 Parallel Workers: 4
Heap:
 PSYoungGen      total 21504K, used 16391K [0x00000000d5580000, 0x00000000d6f00000, 0x0000000100000000)
  eden space 19968K, 74% used [0x00000000d5580000,0x00000000d6405d60,0x00000000d6900000)
  from space 1536K, 98% used [0x00000000d6900000,0x00000000d6a7c050,0x00000000d6a80000)
  to   space 3072K, 0% used [0x00000000d6c00000,0x00000000d6c00000,0x00000000d6f00000)
 ParOldGen       total 68608K, used 31613K [0x0000000080000000, 0x0000000084300000, 0x00000000d5580000)
  object space 68608K, 46% used [0x0000000080000000,0x0000000081edf4a0,0x0000000084300000)
 Metaspace       used 44788K, committed 45888K, reserved 1114112K
  class space    used 4491K, committed 4992K, reserved 1048576K
GC Heap History (20 events):
Event: 80.910 GC heap before
{Heap before GC invocations=16 (full 1):
 PSYoungGen      total 22528K, used 22112K [0x00000000d5580000, 0x00000000d6f00000, 0x0000000100000000)
  eden space 19968K, 100% used [0x00000000d5580000,0x00000000d6900000,0x00000000d6900000)
  from space 2560K, 83% used [0x00000000d6c80000,0x00000000d6e98020,0x00000000d6f00000)
  to   space 2560K, 0% used [0x00000000d6900000,0x00000000d6900000,0x00000000d6b80000)
 ParOldGen       total 68608K, used 23238K [0x0000000080000000, 0x0000000084300000, 0x00000000d5580000)
  object space 68608K, 33% used [0x0000000080000000,0x00000000816b1b80,0x0000000084300000)
 Metaspace       used 32510K, committed 33536K, reserved 1114112K
  class space    used 3263K, committed 3712K, reserved 1048576K
}
Event: 80.920 GC heap after
{Heap after GC invocations=16 (full 1):
 PSYoungGen      total 22528K, used 2240K [0x00000000d5580000, 0x00000000d6e00000, 0x0000000100000000)
  eden space 19968K, 0% used [0x00000000d5580000,0x00000000d5580000,0x00000000d6900000)
  from space 2560K, 87% used [0x00000000d6900000,0x00000000d6b30010,0x00000000d6b80000)
  to   space 2560K, 0% used [0x00000000d6b80000,0x00000000d6b80000,0x00000000d6e00000)
 ParOldGen       total 68608K, used 25358K [0x0000000080000000, 0x0000000084300000, 0x00000000d5580000)
  object space 68608K, 36% used [0x0000000080000000,0x00000000818c3ba0,0x0000000084300000)
 Metaspace       used 32510K, committed 33536K, reserved 1114112K
  class space    used 3263K, committed 3712K, reserved 1048576K
}
Event: 83.119 GC heap before
{Heap before GC invocations=17 (full 1):
 PSYoungGen      total 22528K, used 22208K [0x00000000d5580000, 0x00000000d6e00000, 0x0000000100000000)
  eden space 19968K, 100% used [0x00000000d5580000,0x00000000d6900000,0x00000000d6900000)
  from space 2560K, 87% used [0x00000000d6900000,0x00000000d6b30010,0x00000000d6b80000)
  to   space 2560K, 0% used [0x00000000d6b80000,0x00000000d6b80000,0x00000000d6e00000)
 ParOldGen       total 68608K, used 25358K [0x0000000080000000, 0x0000000084300000, 0x00000000d5580000)
  object space 68608K, 36% used [0x0000000080000000,0x00000000818c3ba0,0x0000000084300000)
 Metaspace       used 33091K, committed 34048K, reserved 1114112K
  class space    used 3332K, committed 3776K, reserved 1048576K
}
Event: 83.139 GC heap after
{Heap after GC invocations=17 (full 1):
 PSYoungGen      total 22016K, used 1656K [0x00000000d5580000, 0x00000000d6d80000, 0x0000000100000000)
  eden space 19968K, 0% used [0x00000000d5580000,0x00000000d5580000,0x00000000d6900000)
  from space 2048K, 80% used [0x00000000d6b80000,0x00000000d6d1e200,0x00000000d6d80000)
  to   space 2048K, 0% used [0x00000000d6980000,0x00000000d6980000,0x00000000d6b80000)
 ParOldGen       total 68608K, used 27558K [0x0000000080000000, 0x0000000084300000, 0x00000000d5580000)
  object space 68608K, 40% used [0x0000000080000000,0x0000000081ae9bb0,0x0000000084300000)
 Metaspace       used 33091K, committed 34048K, reserved 1114112K
  class space    used 3332K, committed 3776K, reserved 1048576K
}
Event: 89.396 GC heap before
{Heap before GC invocations=18 (full 1):
 PSYoungGen      total 22016K, used 19234K [0x00000000d5580000, 0x00000000d6d80000, 0x0000000100000000)
  eden space 19968K, 88% used [0x00000000d5580000,0x00000000d66aa8a0,0x00000000d6900000)
  from space 2048K, 80% used [0x00000000d6b80000,0x00000000d6d1e200,0x00000000d6d80000)
  to   space 2048K, 0% used [0x00000000d6980000,0x00000000d6980000,0x00000000d6b80000)
 ParOldGen       total 68608K, used 27558K [0x0000000080000000, 0x0000000084300000, 0x00000000d5580000)
  object space 68608K, 40% used [0x0000000080000000,0x0000000081ae9bb0,0x0000000084300000)
 Metaspace       used 34863K, committed 35840K, reserved 1114112K
  class space    used 3551K, committed 4032K, reserved 1048576K
}
Event: 89.411 GC heap after
{Heap after GC invocations=18 (full 1):
 PSYoungGen      total 20992K, used 540K [0x00000000d5580000, 0x00000000d6c00000, 0x0000000100000000)
  eden space 19968K, 0% used [0x00000000d5580000,0x00000000d5580000,0x00000000d6900000)
  from space 1024K, 52% used [0x00000000d6980000,0x00000000d6a07280,0x00000000d6a80000)
  to   space 1024K, 0% used [0x00000000d6b00000,0x00000000d6b00000,0x00000000d6c00000)
 ParOldGen       total 68608K, used 29159K [0x0000000080000000, 0x0000000084300000, 0x00000000d5580000)
  object space 68608K, 42% used [0x0000000080000000,0x0000000081c79ca8,0x0000000084300000)
 Metaspace       used 34863K, committed 35840K, reserved 1114112K
  class space    used 3551K, committed 4032K, reserved 1048576K
}
Event: 89.412 GC heap before
{Heap before GC invocations=19 (full 2):
 PSYoungGen      total 20992K, used 540K [0x00000000d5580000, 0x00000000d6c00000, 0x0000000100000000)
  eden space 19968K, 0% used [0x00000000d5580000,0x00000000d5580000,0x00000000d6900000)
  from space 1024K, 52% used [0x00000000d6980000,0x00000000d6a07280,0x00000000d6a80000)
  to   space 1024K, 0% used [0x00000000d6b00000,0x00000000d6b00000,0x00000000d6c00000)
 ParOldGen       total 68608K, used 29159K [0x0000000080000000, 0x0000000084300000, 0x00000000d5580000)
  object space 68608K, 42% used [0x0000000080000000,0x0000000081c79ca8,0x0000000084300000)
 Metaspace       used 34863K, committed 35840K, reserved 1114112K
  class space    used 3551K, committed 4032K, reserved 1048576K
}
Event: 90.412 GC heap after
{Heap after GC invocations=19 (full 2):
 PSYoungGen      total 20992K, used 0K [0x00000000d5580000, 0x00000000d6c00000, 0x0000000100000000)
  eden space 19968K, 0% used [0x00000000d5580000,0x00000000d5580000,0x00000000d6900000)
  from space 1024K, 0% used [0x00000000d6980000,0x00000000d6980000,0x00000000d6a80000)
  to   space 1024K, 0% used [0x00000000d6b00000,0x00000000d6b00000,0x00000000d6c00000)
 ParOldGen       total 68608K, used 28387K [0x0000000080000000, 0x0000000084300000, 0x00000000d5580000)
  object space 68608K, 41% used [0x0000000080000000,0x0000000081bb8f28,0x0000000084300000)
 Metaspace       used 34855K, committed 35840K, reserved 1114112K
  class space    used 3549K, committed 4032K, reserved 1048576K
}
Event: 92.825 GC heap before
{Heap before GC invocations=20 (full 2):
 PSYoungGen      total 20992K, used 19968K [0x00000000d5580000, 0x00000000d6c00000, 0x0000000100000000)
  eden space 19968K, 100% used [0x00000000d5580000,0x00000000d6900000,0x00000000d6900000)
  from space 1024K, 0% used [0x00000000d6980000,0x00000000d6980000,0x00000000d6a80000)
  to   space 1024K, 0% used [0x00000000d6b00000,0x00000000d6b00000,0x00000000d6c00000)
 ParOldGen       total 68608K, used 28387K [0x0000000080000000, 0x0000000084300000, 0x00000000d5580000)
  object space 68608K, 41% used [0x0000000080000000,0x0000000081bb8f28,0x0000000084300000)
 Metaspace       used 36142K, committed 37120K, reserved 1114112K
  class space    used 3666K, committed 4096K, reserved 1048576K
}
Event: 92.827 GC heap after
{Heap after GC invocations=20 (full 2):
 PSYoungGen      total 20480K, used 448K [0x00000000d5580000, 0x00000000d6b80000, 0x0000000100000000)
  eden space 19968K, 0% used [0x00000000d5580000,0x00000000d5580000,0x00000000d6900000)
  from space 512K, 87% used [0x00000000d6b00000,0x00000000d6b70010,0x00000000d6b80000)
  to   space 1024K, 0% used [0x00000000d6980000,0x00000000d6980000,0x00000000d6a80000)
 ParOldGen       total 68608K, used 28395K [0x0000000080000000, 0x0000000084300000, 0x00000000d5580000)
  object space 68608K, 41% used [0x0000000080000000,0x0000000081bbaf28,0x0000000084300000)
 Metaspace       used 36142K, committed 37120K, reserved 1114112K
  class space    used 3666K, committed 4096K, reserved 1048576K
}
Event: 94.656 GC heap before
{Heap before GC invocations=21 (full 2):
 PSYoungGen      total 20480K, used 20416K [0x00000000d5580000, 0x00000000d6b80000, 0x0000000100000000)
  eden space 19968K, 100% used [0x00000000d5580000,0x00000000d6900000,0x00000000d6900000)
  from space 512K, 87% used [0x00000000d6b00000,0x00000000d6b70010,0x00000000d6b80000)
  to   space 1024K, 0% used [0x00000000d6980000,0x00000000d6980000,0x00000000d6a80000)
 ParOldGen       total 68608K, used 28395K [0x0000000080000000, 0x0000000084300000, 0x00000000d5580000)
  object space 68608K, 41% used [0x0000000080000000,0x0000000081bbaf28,0x0000000084300000)
 Metaspace       used 38990K, committed 40000K, reserved 1114112K
  class space    used 3940K, committed 4416K, reserved 1048576K
}
Event: 94.661 GC heap after
{Heap after GC invocations=21 (full 2):
 PSYoungGen      total 20992K, used 1008K [0x00000000d5580000, 0x00000000d6e00000, 0x0000000100000000)
  eden space 19968K, 0% used [0x00000000d5580000,0x00000000d5580000,0x00000000d6900000)
  from space 1024K, 98% used [0x00000000d6980000,0x00000000d6a7c030,0x00000000d6a80000)
  to   space 2560K, 0% used [0x00000000d6b80000,0x00000000d6b80000,0x00000000d6e00000)
 ParOldGen       total 68608K, used 29316K [0x0000000080000000, 0x0000000084300000, 0x00000000d5580000)
  object space 68608K, 42% used [0x0000000080000000,0x0000000081ca1278,0x0000000084300000)
 Metaspace       used 38990K, committed 40000K, reserved 1114112K
  class space    used 3940K, committed 4416K, reserved 1048576K
}
Event: 95.029 GC heap before
{Heap before GC invocations=22 (full 2):
 PSYoungGen      total 20992K, used 20976K [0x00000000d5580000, 0x00000000d6e00000, 0x0000000100000000)
  eden space 19968K, 100% used [0x00000000d5580000,0x00000000d6900000,0x00000000d6900000)
  from space 1024K, 98% used [0x00000000d6980000,0x00000000d6a7c030,0x00000000d6a80000)
  to   space 2560K, 0% used [0x00000000d6b80000,0x00000000d6b80000,0x00000000d6e00000)
 ParOldGen       total 68608K, used 29316K [0x0000000080000000, 0x0000000084300000, 0x00000000d5580000)
  object space 68608K, 42% used [0x0000000080000000,0x0000000081ca1278,0x0000000084300000)
 Metaspace       used 39432K, committed 40448K, reserved 1114112K
  class space    used 3979K, committed 4416K, reserved 1048576K
}
Event: 95.034 GC heap after
{Heap after GC invocations=22 (full 2):
 PSYoungGen      total 22016K, used 1705K [0x00000000d5580000, 0x00000000d6d80000, 0x0000000100000000)
  eden space 19968K, 0% used [0x00000000d5580000,0x00000000d5580000,0x00000000d6900000)
  from space 2048K, 83% used [0x00000000d6b80000,0x00000000d6d2a498,0x00000000d6d80000)
  to   space 2048K, 0% used [0x00000000d6980000,0x00000000d6980000,0x00000000d6b80000)
 ParOldGen       total 68608K, used 30315K [0x0000000080000000, 0x0000000084300000, 0x00000000d5580000)
  object space 68608K, 44% used [0x0000000080000000,0x0000000081d9afa0,0x0000000084300000)
 Metaspace       used 39432K, committed 40448K, reserved 1114112K
  class space    used 3979K, committed 4416K, reserved 1048576K
}
Event: 95.646 GC heap before
{Heap before GC invocations=23 (full 2):
 PSYoungGen      total 22016K, used 21673K [0x00000000d5580000, 0x00000000d6d80000, 0x0000000100000000)
  eden space 19968K, 100% used [0x00000000d5580000,0x00000000d6900000,0x00000000d6900000)
  from space 2048K, 83% used [0x00000000d6b80000,0x00000000d6d2a498,0x00000000d6d80000)
  to   space 2048K, 0% used [0x00000000d6980000,0x00000000d6980000,0x00000000d6b80000)
 ParOldGen       total 68608K, used 30315K [0x0000000080000000, 0x0000000084300000, 0x00000000d5580000)
  object space 68608K, 44% used [0x0000000080000000,0x0000000081d9afa0,0x0000000084300000)
 Metaspace       used 39733K, committed 40704K, reserved 1114112K
  class space    used 3996K, committed 4416K, reserved 1048576K
}
Event: 95.647 GC heap after
{Heap after GC invocations=23 (full 2):
 PSYoungGen      total 20480K, used 160K [0x00000000d5580000, 0x00000000d6c00000, 0x0000000100000000)
  eden space 19968K, 0% used [0x00000000d5580000,0x00000000d5580000,0x00000000d6900000)
  from space 512K, 31% used [0x00000000d6980000,0x00000000d69a8000,0x00000000d6a00000)
  to   space 1024K, 0% used [0x00000000d6b00000,0x00000000d6b00000,0x00000000d6c00000)
 ParOldGen       total 68608K, used 30664K [0x0000000080000000, 0x0000000084300000, 0x00000000d5580000)
  object space 68608K, 44% used [0x0000000080000000,0x0000000081df2338,0x0000000084300000)
 Metaspace       used 39733K, committed 40704K, reserved 1114112K
  class space    used 3996K, committed 4416K, reserved 1048576K
}
Event: 755.111 GC heap before
{Heap before GC invocations=24 (full 2):
 PSYoungGen      total 20480K, used 20127K [0x00000000d5580000, 0x00000000d6c00000, 0x0000000100000000)
  eden space 19968K, 99% used [0x00000000d5580000,0x00000000d68fffb0,0x00000000d6900000)
  from space 512K, 31% used [0x00000000d6980000,0x00000000d69a8000,0x00000000d6a00000)
  to   space 1024K, 0% used [0x00000000d6b00000,0x00000000d6b00000,0x00000000d6c00000)
 ParOldGen       total 68608K, used 30664K [0x0000000080000000, 0x0000000084300000, 0x00000000d5580000)
  object space 68608K, 44% used [0x0000000080000000,0x0000000081df2338,0x0000000084300000)
 Metaspace       used 42336K, committed 43392K, reserved 1114112K
  class space    used 4254K, committed 4736K, reserved 1048576K
}
Event: 755.239 GC heap after
{Heap after GC invocations=24 (full 2):
 PSYoungGen      total 20992K, used 1022K [0x00000000d5580000, 0x00000000d6c00000, 0x0000000100000000)
  eden space 19968K, 0% used [0x00000000d5580000,0x00000000d5580000,0x00000000d6900000)
  from space 1024K, 99% used [0x00000000d6b00000,0x00000000d6bffaf0,0x00000000d6c00000)
  to   space 1536K, 0% used [0x00000000d6900000,0x00000000d6900000,0x00000000d6a80000)
 ParOldGen       total 68608K, used 30752K [0x0000000080000000, 0x0000000084300000, 0x00000000d5580000)
  object space 68608K, 44% used [0x0000000080000000,0x0000000081e08338,0x0000000084300000)
 Metaspace       used 42336K, committed 43392K, reserved 1114112K
  class space    used 4254K, committed 4736K, reserved 1048576K
}
Event: 777.568 GC heap before
{Heap before GC invocations=25 (full 2):
 PSYoungGen      total 20992K, used 20990K [0x00000000d5580000, 0x00000000d6c00000, 0x0000000100000000)
  eden space 19968K, 99% used [0x00000000d5580000,0x00000000d68fffd8,0x00000000d6900000)
  from space 1024K, 99% used [0x00000000d6b00000,0x00000000d6bffaf0,0x00000000d6c00000)
  to   space 1536K, 0% used [0x00000000d6900000,0x00000000d6900000,0x00000000d6a80000)
 ParOldGen       total 68608K, used 30752K [0x0000000080000000, 0x0000000084300000, 0x00000000d5580000)
  object space 68608K, 44% used [0x0000000080000000,0x0000000081e08338,0x0000000084300000)
 Metaspace       used 43666K, committed 44736K, reserved 1114112K
  class space    used 4382K, committed 4864K, reserved 1048576K
}
Event: 777.606 GC heap after
{Heap after GC invocations=25 (full 2):
 PSYoungGen      total 21504K, used 1520K [0x00000000d5580000, 0x00000000d6f00000, 0x0000000100000000)
  eden space 19968K, 0% used [0x00000000d5580000,0x00000000d5580000,0x00000000d6900000)
  from space 1536K, 98% used [0x00000000d6900000,0x00000000d6a7c050,0x00000000d6a80000)
  to   space 3072K, 0% used [0x00000000d6c00000,0x00000000d6c00000,0x00000000d6f00000)
 ParOldGen       total 68608K, used 31613K [0x0000000080000000, 0x0000000084300000, 0x00000000d5580000)
  object space 68608K, 46% used [0x0000000080000000,0x0000000081edf4a0,0x0000000084300000)
 Metaspace       used 43666K, committed 44736K, reserved 1114112K
  class space    used 4382K, committed 4864K, reserved 1048576K
}

