# JRE version: OpenJDK Runtime Environment Temurin-21.0.10+7 (21.0.10+7) (build 21.0.10+7-LTS)
# Java VM: OpenJDK 64-Bit Server VM Temurin-21.0.10+7 (21.0.10+7-LTS, mixed mode, sharing, tiered, compressed oops, compressed class ptrs, parallel gc, windows-amd64)
GC Precious Log:
 CardTable entry size: 512
 CPUs: 4 total, 4 available
 Memory: 3818M
 Large Page Support: Disabled
 NUMA Support: Disabled
 Compressed Oops: Enabled (32-bit)
 Alignments: Space 512K, Generation 512K, Heap 2M
 Heap Min Capacity: 100M
 Heap Initial Capacity: 100M
 Heap Max Capacity: 2G
 Pre-touch: Disabled
 Parallel Workers: 4
Heap:
 PSYoungGen      total 1536K, used 803K [0x00000000d5580000, 0x00000000d5780000, 0x0000000100000000)
  eden space 1024K, 65% used [0x00000000d5580000,0x00000000d5628dc8,0x00000000d5680000)
  from space 512K, 25% used [0x00000000d5700000,0x00000000d5720000,0x00000000d5780000)
  to   space 512K, 0% used [0x00000000d5680000,0x00000000d5680000,0x00000000d5700000)
 ParOldGen       total 412160K, used 410826K [0x0000000080000000, 0x0000000099280000, 0x00000000d5580000)
  object space 412160K, 99% used [0x0000000080000000,0x0000000099132908,0x0000000099280000)
 Metaspace       used 68154K, committed 69696K, reserved 1114112K
  class space    used 7040K, committed 7744K, reserved 1048576K
GC Heap History (20 events):
Event: 839.053 GC heap before
{Heap before GC invocations=312 (full 3):
 PSYoungGen      total 1536K, used 1068K [0x00000000d5580000, 0x00000000d5800000, 0x0000000100000000)
  eden space 512K, 100% used [0x00000000d5580000,0x00000000d5600000,0x00000000d5600000)
  from space 1024K, 54% used [0x00000000d5700000,0x00000000d578b190,0x00000000d5800000)
  to   space 1024K, 0% used [0x00000000d5600000,0x00000000d5600000,0x00000000d5700000)
 ParOldGen       total 378368K, used 377760K [0x0000000080000000, 0x0000000097180000, 0x00000000d5580000)
  object space 378368K, 99% used [0x0000000080000000,0x00000000970e8028,0x0000000097180000)
 Metaspace       used 68047K, committed 69632K, reserved 1114112K
  class space    used 7040K, committed 7744K, reserved 1048576K
}
Event: 839.060 GC heap after
{Heap after GC invocations=312 (full 3):
 PSYoungGen      total 1536K, used 589K [0x00000000d5580000, 0x00000000d5800000, 0x0000000100000000)
  eden space 512K, 0% used [0x00000000d5580000,0x00000000d5580000,0x00000000d5600000)
  from space 1024K, 57% used [0x00000000d5600000,0x00000000d56935c0,0x00000000d5700000)
  to   space 1024K, 0% used [0x00000000d5700000,0x00000000d5700000,0x00000000d5800000)
 ParOldGen       total 378368K, used 378224K [0x0000000080000000, 0x0000000097180000, 0x00000000d5580000)
  object space 378368K, 99% used [0x0000000080000000,0x000000009715c250,0x0000000097180000)
 Metaspace       used 68047K, committed 69632K, reserved 1114112K
  class space    used 7040K, committed 7744K, reserved 1048576K
}
Event: 839.095 GC heap before
{Heap before GC invocations=313 (full 3):
 PSYoungGen      total 1536K, used 1101K [0x00000000d5580000, 0x00000000d5800000, 0x0000000100000000)
  eden space 512K, 100% used [0x00000000d5580000,0x00000000d5600000,0x00000000d5600000)
  from space 1024K, 57% used [0x00000000d5600000,0x00000000d56935c0,0x00000000d5700000)
  to   space 1024K, 0% used [0x00000000d5700000,0x00000000d5700000,0x00000000d5800000)
 ParOldGen       total 378368K, used 378224K [0x0000000080000000, 0x0000000097180000, 0x00000000d5580000)
  object space 378368K, 99% used [0x0000000080000000,0x000000009715c250,0x0000000097180000)
 Metaspace       used 68047K, committed 69632K, reserved 1114112K
  class space    used 7040K, committed 7744K, reserved 1048576K
}
Event: 839.101 GC heap after
{Heap after GC invocations=313 (full 3):
 PSYoungGen      total 1536K, used 600K [0x00000000d5580000, 0x00000000d5800000, 0x0000000100000000)
  eden space 512K, 0% used [0x00000000d5580000,0x00000000d5580000,0x00000000d5600000)
  from space 1024K, 58% used [0x00000000d5700000,0x00000000d57962e0,0x00000000d5800000)
  to   space 1024K, 0% used [0x00000000d5600000,0x00000000d5600000,0x00000000d5700000)
 ParOldGen       total 378880K, used 378705K [0x0000000080000000, 0x0000000097200000, 0x00000000d5580000)
  object space 378880K, 99% used [0x0000000080000000,0x00000000971d4598,0x0000000097200000)
 Metaspace       used 68047K, committed 69632K, reserved 1114112K
  class space    used 7040K, committed 7744K, reserved 1048576K
}
Event: 839.117 GC heap before
{Heap before GC invocations=314 (full 3):
 PSYoungGen      total 1536K, used 1112K [0x00000000d5580000, 0x00000000d5800000, 0x0000000100000000)
  eden space 512K, 100% used [0x00000000d5580000,0x00000000d5600000,0x00000000d5600000)
  from space 1024K, 58% used [0x00000000d5700000,0x00000000d57962e0,0x00000000d5800000)
  to   space 1024K, 0% used [0x00000000d5600000,0x00000000d5600000,0x00000000d5700000)
 ParOldGen       total 378880K, used 378705K [0x0000000080000000, 0x0000000097200000, 0x00000000d5580000)
  object space 378880K, 99% used [0x0000000080000000,0x00000000971d4598,0x0000000097200000)
 Metaspace       used 68047K, committed 69632K, reserved 1114112K
  class space    used 7040K, committed 7744K, reserved 1048576K
}
Event: 839.121 GC heap after
{Heap after GC invocations=314 (full 3):
 PSYoungGen      total 1536K, used 486K [0x00000000d5580000, 0x00000000d5800000, 0x0000000100000000)
  eden space 512K, 0% used [0x00000000d5580000,0x00000000d5580000,0x00000000d5600000)
  from space 1024K, 47% used [0x00000000d5600000,0x00000000d5679af8,0x00000000d5700000)
  to   space 1024K, 0% used [0x00000000d5700000,0x00000000d5700000,0x00000000d5800000)
 ParOldGen       total 379392K, used 379192K [0x0000000080000000, 0x0000000097280000, 0x00000000d5580000)
  object space 379392K, 99% used [0x0000000080000000,0x000000009724e040,0x0000000097280000)
 Metaspace       used 68047K, committed 69632K, reserved 1114112K
  class space    used 7040K, committed 7744K, reserved 1048576K
}
Event: 839.135 GC heap before
{Heap before GC invocations=315 (full 3):
 PSYoungGen      total 1536K, used 998K [0x00000000d5580000, 0x00000000d5800000, 0x0000000100000000)
  eden space 512K, 100% used [0x00000000d5580000,0x00000000d5600000,0x00000000d5600000)
  from space 1024K, 47% used [0x00000000d5600000,0x00000000d5679af8,0x00000000d5700000)
  to   space 1024K, 0% used [0x00000000d5700000,0x00000000d5700000,0x00000000d5800000)
 ParOldGen       total 379392K, used 379192K [0x0000000080000000, 0x0000000097280000, 0x00000000d5580000)
  object space 379392K, 99% used [0x0000000080000000,0x000000009724e040,0x0000000097280000)
 Metaspace       used 68047K, committed 69632K, reserved 1114112K
  class space    used 7040K, committed 7744K, reserved 1048576K
}
Event: 839.140 GC heap after
{Heap after GC invocations=315 (full 3):
 PSYoungGen      total 1536K, used 224K [0x00000000d5580000, 0x00000000d5780000, 0x0000000100000000)
  eden space 1024K, 0% used [0x00000000d5580000,0x00000000d5580000,0x00000000d5680000)
  from space 512K, 43% used [0x00000000d5700000,0x00000000d5738000,0x00000000d5780000)
  to   space 512K, 0% used [0x00000000d5680000,0x00000000d5680000,0x00000000d5700000)
 ParOldGen       total 379904K, used 379618K [0x0000000080000000, 0x0000000097300000, 0x00000000d5580000)
  object space 379904K, 99% used [0x0000000080000000,0x00000000972b88d8,0x0000000097300000)
 Metaspace       used 68047K, committed 69632K, reserved 1114112K
  class space    used 7040K, committed 7744K, reserved 1048576K
}
Event: 839.187 GC heap before
{Heap before GC invocations=316 (full 3):
 PSYoungGen      total 1536K, used 1248K [0x00000000d5580000, 0x00000000d5780000, 0x0000000100000000)
  eden space 1024K, 100% used [0x00000000d5580000,0x00000000d5680000,0x00000000d5680000)
  from space 512K, 43% used [0x00000000d5700000,0x00000000d5738000,0x00000000d5780000)
  to   space 512K, 0% used [0x00000000d5680000,0x00000000d5680000,0x00000000d5700000)
 ParOldGen       total 379904K, used 379618K [0x0000000080000000, 0x0000000097300000, 0x00000000d5580000)
  object space 379904K, 99% used [0x0000000080000000,0x00000000972b88d8,0x0000000097300000)
 Metaspace       used 68050K, committed 69696K, reserved 1114112K
  class space    used 7040K, committed 7744K, reserved 1048576K
}
Event: 839.189 GC heap after
{Heap after GC invocations=316 (full 3):
 PSYoungGen      total 1536K, used 256K [0x00000000d5580000, 0x00000000d5780000, 0x0000000100000000)
  eden space 1024K, 0% used [0x00000000d5580000,0x00000000d5580000,0x00000000d5680000)
  from space 512K, 50% used [0x00000000d5680000,0x00000000d56c0000,0x00000000d5700000)
  to   space 512K, 0% used [0x00000000d5700000,0x00000000d5700000,0x00000000d5780000)
 ParOldGen       total 379904K, used 379746K [0x0000000080000000, 0x0000000097300000, 0x00000000d5580000)
  object space 379904K, 99% used [0x0000000080000000,0x00000000972d88d8,0x0000000097300000)
 Metaspace       used 68050K, committed 69696K, reserved 1114112K
  class space    used 7040K, committed 7744K, reserved 1048576K
}
Event: 842.001 GC heap before
{Heap before GC invocations=317 (full 3):
 PSYoungGen      total 1536K, used 1280K [0x00000000d5580000, 0x00000000d5780000, 0x0000000100000000)
  eden space 1024K, 100% used [0x00000000d5580000,0x00000000d5680000,0x00000000d5680000)
  from space 512K, 50% used [0x00000000d5680000,0x00000000d56c0000,0x00000000d5700000)
  to   space 512K, 0% used [0x00000000d5700000,0x00000000d5700000,0x00000000d5780000)
 ParOldGen       total 379904K, used 379746K [0x0000000080000000, 0x0000000097300000, 0x00000000d5580000)
  object space 379904K, 99% used [0x0000000080000000,0x00000000972d88d8,0x0000000097300000)
 Metaspace       used 68057K, committed 69696K, reserved 1114112K
  class space    used 7040K, committed 7744K, reserved 1048576K
}
Event: 842.011 GC heap after
{Heap after GC invocations=317 (full 3):
 PSYoungGen      total 1536K, used 192K [0x00000000d5580000, 0x00000000d5780000, 0x0000000100000000)
  eden space 1024K, 0% used [0x00000000d5580000,0x00000000d5580000,0x00000000d5680000)
  from space 512K, 37% used [0x00000000d5700000,0x00000000d5730000,0x00000000d5780000)
  to   space 512K, 0% used [0x00000000d5680000,0x00000000d5680000,0x00000000d5700000)
 ParOldGen       total 380416K, used 379914K [0x0000000080000000, 0x0000000097380000, 0x00000000d5580000)
  object space 380416K, 99% used [0x0000000080000000,0x00000000973028d8,0x0000000097380000)
 Metaspace       used 68057K, committed 69696K, reserved 1114112K
  class space    used 7040K, committed 7744K, reserved 1048576K
}
Event: 842.412 GC heap before
{Heap before GC invocations=318 (full 3):
 PSYoungGen      total 1536K, used 1216K [0x00000000d5580000, 0x00000000d5780000, 0x0000000100000000)
  eden space 1024K, 100% used [0x00000000d5580000,0x00000000d5680000,0x00000000d5680000)
  from space 512K, 37% used [0x00000000d5700000,0x00000000d5730000,0x00000000d5780000)
  to   space 512K, 0% used [0x00000000d5680000,0x00000000d5680000,0x00000000d5700000)
 ParOldGen       total 412160K, used 410634K [0x0000000080000000, 0x0000000099280000, 0x00000000d5580000)
  object space 412160K, 99% used [0x0000000080000000,0x0000000099102908,0x0000000099280000)
 Metaspace       used 68070K, committed 69696K, reserved 1114112K
  class space    used 7040K, committed 7744K, reserved 1048576K
}
Event: 842.417 GC heap after
{Heap after GC invocations=318 (full 3):
 PSYoungGen      total 1536K, used 128K [0x00000000d5580000, 0x00000000d5780000, 0x0000000100000000)
  eden space 1024K, 0% used [0x00000000d5580000,0x00000000d5580000,0x00000000d5680000)
  from space 512K, 25% used [0x00000000d5680000,0x00000000d56a0000,0x00000000d5700000)
  to   space 512K, 0% used [0x00000000d5700000,0x00000000d5700000,0x00000000d5780000)
 ParOldGen       total 412160K, used 410706K [0x0000000080000000, 0x0000000099280000, 0x00000000d5580000)
  object space 412160K, 99% used [0x0000000080000000,0x0000000099114908,0x0000000099280000)
 Metaspace       used 68070K, committed 69696K, reserved 1114112K
  class space    used 7040K, committed 7744K, reserved 1048576K
}
Event: 843.089 GC heap before
{Heap before GC invocations=319 (full 3):
 PSYoungGen      total 1536K, used 1151K [0x00000000d5580000, 0x00000000d5780000, 0x0000000100000000)
  eden space 1024K, 99% used [0x00000000d5580000,0x00000000d567fff0,0x00000000d5680000)
  from space 512K, 25% used [0x00000000d5680000,0x00000000d56a0000,0x00000000d5700000)
  to   space 512K, 0% used [0x00000000d5700000,0x00000000d5700000,0x00000000d5780000)
 ParOldGen       total 412160K, used 410706K [0x0000000080000000, 0x0000000099280000, 0x00000000d5580000)
  object space 412160K, 99% used [0x0000000080000000,0x0000000099114908,0x0000000099280000)
 Metaspace       used 68079K, committed 69696K, reserved 1114112K
  class space    used 7040K, committed 7744K, reserved 1048576K
}
Event: 843.106 GC heap after
{Heap after GC invocations=319 (full 3):
 PSYoungGen      total 1536K, used 128K [0x00000000d5580000, 0x00000000d5780000, 0x0000000100000000)
  eden space 1024K, 0% used [0x00000000d5580000,0x00000000d5580000,0x00000000d5680000)
  from space 512K, 25% used [0x00000000d5700000,0x00000000d5720000,0x00000000d5780000)
  to   space 512K, 0% used [0x00000000d5680000,0x00000000d5680000,0x00000000d5700000)
 ParOldGen       total 412160K, used 410738K [0x0000000080000000, 0x0000000099280000, 0x00000000d5580000)
  object space 412160K, 99% used [0x0000000080000000,0x000000009911c908,0x0000000099280000)
 Metaspace       used 68079K, committed 69696K, reserved 1114112K
  class space    used 7040K, committed 7744K, reserved 1048576K
}
Event: 844.930 GC heap before
{Heap before GC invocations=320 (full 3):
 PSYoungGen      total 1536K, used 1151K [0x00000000d5580000, 0x00000000d5780000, 0x0000000100000000)
  eden space 1024K, 99% used [0x00000000d5580000,0x00000000d567ff18,0x00000000d5680000)
  from space 512K, 25% used [0x00000000d5700000,0x00000000d5720000,0x00000000d5780000)
  to   space 512K, 0% used [0x00000000d5680000,0x00000000d5680000,0x00000000d5700000)
 ParOldGen       total 412160K, used 410738K [0x0000000080000000, 0x0000000099280000, 0x00000000d5580000)
  object space 412160K, 99% used [0x0000000080000000,0x000000009911c908,0x0000000099280000)
 Metaspace       used 68094K, committed 69696K, reserved 1114112K
  class space    used 7040K, committed 7744K, reserved 1048576K
}
Event: 844.944 GC heap after
{Heap after GC invocations=320 (full 3):
 PSYoungGen      total 1536K, used 192K [0x00000000d5580000, 0x00000000d5780000, 0x0000000100000000)
  eden space 1024K, 0% used [0x00000000d5580000,0x00000000d5580000,0x00000000d5680000)
  from space 512K, 37% used [0x00000000d5680000,0x00000000d56b0000,0x00000000d5700000)
  to   space 512K, 0% used [0x00000000d5700000,0x00000000d5700000,0x00000000d5780000)
 ParOldGen       total 412160K, used 410754K [0x0000000080000000, 0x0000000099280000, 0x00000000d5580000)
  object space 412160K, 99% used [0x0000000080000000,0x0000000099120908,0x0000000099280000)
 Metaspace       used 68094K, committed 69696K, reserved 1114112K
  class space    used 7040K, committed 7744K, reserved 1048576K
}
Event: 2046.222 GC heap before
{Heap before GC invocations=321 (full 3):
 PSYoungGen      total 1536K, used 1214K [0x00000000d5580000, 0x00000000d5780000, 0x0000000100000000)
  eden space 1024K, 99% used [0x00000000d5580000,0x00000000d567fa10,0x00000000d5680000)
  from space 512K, 37% used [0x00000000d5680000,0x00000000d56b0000,0x00000000d5700000)
  to   space 512K, 0% used [0x00000000d5700000,0x00000000d5700000,0x00000000d5780000)
 ParOldGen       total 412160K, used 410754K [0x0000000080000000, 0x0000000099280000, 0x00000000d5580000)
  object space 412160K, 99% used [0x0000000080000000,0x0000000099120908,0x0000000099280000)
 Metaspace       used 68114K, committed 69696K, reserved 1114112K
  class space    used 7040K, committed 7744K, reserved 1048576K
}
Event: 2046.581 GC heap after
{Heap after GC invocations=321 (full 3):
 PSYoungGen      total 1536K, used 128K [0x00000000d5580000, 0x00000000d5780000, 0x0000000100000000)
  eden space 1024K, 0% used [0x00000000d5580000,0x00000000d5580000,0x00000000d5680000)
  from space 512K, 25% used [0x00000000d5700000,0x00000000d5720000,0x00000000d5780000)
  to   space 512K, 0% used [0x00000000d5680000,0x00000000d5680000,0x00000000d5700000)
 ParOldGen       total 412160K, used 410826K [0x0000000080000000, 0x0000000099280000, 0x00000000d5580000)
  object space 412160K, 99% used [0x0000000080000000,0x0000000099132908,0x0000000099280000)
 Metaspace       used 68114K, committed 69696K, reserved 1114112K
  class space    used 7040K, committed 7744K, reserved 1048576K
}

